<?xml version="1.0" encoding="UTF-8"?>
<!-- Generated by org.testng.reporters.JUnitReportReporter -->
<testsuite hostname="Mohd" failures="0" tests="2" name="com.crm.qa.testcases.LoginPageTest" time="14.034" errors="0" timestamp="2025-05-12T20:50:17 EDT" skipped="0">
  <testcase classname="com.crm.qa.testcases.LoginPageTest" name="LoginPageTitleTest" time="6.384"/>
  <testcase classname="com.crm.qa.testcases.LoginPageTest" name="LoginTest" time="7.650"/>
</testsuite> <!-- com.crm.qa.testcases.LoginPageTest -->
