<?xml version="1.0" encoding="UTF-8"?>
<!-- Generated by org.testng.reporters.JUnitReportReporter -->
<testsuite hostname="Mohd" failures="0" tests="3" name="com.crm.qa.testcases.HomePageTest" time="21.890" errors="0" timestamp="2025-05-12T14:17:28 EDT" skipped="0">
  <testcase classname="com.crm.qa.testcases.HomePageTest" name="validateHomePageTitleTest" time="6.938"/>
  <testcase classname="com.crm.qa.testcases.HomePageTest" name="verifyCorrectUserNameTest" time="7.863"/>
  <testcase classname="com.crm.qa.testcases.HomePageTest" name="verifyContactsLinkTest" time="7.089"/>
</testsuite> <!-- com.crm.qa.testcases.HomePageTest -->
