<?xml version="1.0" encoding="UTF-8"?>
<!-- Generated by org.testng.reporters.JUnitReportReporter -->
<testsuite hostname="Mohd" failures="0" tests="3" name="com.crm.qa.testcases.LaunchPageTest" time="19.991" errors="0" timestamp="2025-05-12T14:54:06 EDT" skipped="0">
  <testcase classname="com.crm.qa.testcases.LaunchPageTest" name="LaunchPageTitleTest" time="4.600"/>
  <testcase classname="com.crm.qa.testcases.LaunchPageTest" name="LaunchPageFacebookLogoTest" time="7.146"/>
  <testcase classname="com.crm.qa.testcases.LaunchPageTest" name="LaunchPageStartHereTest" time="8.245"/>
</testsuite> <!-- com.crm.qa.testcases.LaunchPageTest -->
