<?xml version="1.0" encoding="UTF-8"?>
<!-- Generated by org.testng.reporters.JUnitReportReporter -->
<testsuite hostname="Mohd" failures="0" tests="3" name="com.crm.qa.testcases.HomePageTest" time="25.404" errors="0" timestamp="2025-05-12T14:54:06 EDT" skipped="0">
  <testcase classname="com.crm.qa.testcases.HomePageTest" name="validateHomePageTitleTest" time="7.140"/>
  <testcase classname="com.crm.qa.testcases.HomePageTest" name="verifyCorrectUserNameTest" time="10.222"/>
  <testcase classname="com.crm.qa.testcases.HomePageTest" name="verifyContactsLinkTest" time="8.042"/>
</testsuite> <!-- com.crm.qa.testcases.HomePageTest -->
